2022/07/16 16:39:44 main.go:15: test
2022/07/19 17:01:36 main.go:15: test
2022/07/20 15:05:39 base.go:21: sql: unknown driver "sqlite3" (forgotten import?)
2022/07/21 15:22:30 users.go:33: sql: converting argument $1 type: unsupported type func() uuid.UUID, a func
2022/07/27 12:28:23 todos.go:23: near "valus": syntax error
2022/07/27 12:32:06 todos.go:23: near "valus": syntax error
2022/07/27 12:34:36 todos.go:23: near "valus": syntax error
2022/08/01 08:06:56 todos.go:73: no such column: content.user_id
2022/08/02 12:31:40 server.go:3197: http: panic serving [::1]:50982: runtime error: invalid memory address or nil pointer dereference
goroutine 20 [running]:
net/http.(*conn).serve.func1()
	C:/Program Files/Go/src/net/http/server.go:1825 +0xbf
panic({0x7ff6c19a8b20, 0x7ff6c195ed40})
	C:/Program Files/Go/src/runtime/panic.go:844 +0x258
text/template.errRecover(0xc0000a1938)
	C:/Program Files/Go/src/text/template/exec.go:164 +0x15b
panic({0x7ff6c19a8b20, 0x7ff6c195ed40})
	C:/Program Files/Go/src/runtime/panic.go:838 +0x207
text/template.(*Template).execute(0x0, {0x7ff6c1a88c40?, 0xc000064000?}, {0x0?, 0x0?})
	C:/Program Files/Go/src/text/template/exec.go:215 +0x22c
text/template.(*Template).Execute(...)
	C:/Program Files/Go/src/text/template/exec.go:201
todo_app/app/controllers.top({0x7ff6c1a8ab50?, 0xc000064000?}, 0x0?)
	C:/Users/user/go/src/todo_app/app/controllers/route_main.go:10 +0x89
net/http.HandlerFunc.ServeHTTP(0x22ef3fea7a8?, {0x7ff6c1a8ab50?, 0xc000064000?}, 0x7ff6c154e825?)
	C:/Program Files/Go/src/net/http/server.go:2084 +0x2f
net/http.(*ServeMux).ServeHTTP(0x0?, {0x7ff6c1a8ab50, 0xc000064000}, 0xc000110100)
	C:/Program Files/Go/src/net/http/server.go:2462 +0x149
net/http.serverHandler.ServeHTTP({0xc0000c34a0?}, {0x7ff6c1a8ab50, 0xc000064000}, 0xc000110100)
	C:/Program Files/Go/src/net/http/server.go:2916 +0x43b
net/http.(*conn).serve(0xc0000a2f00, {0x7ff6c1a8ad58, 0xc0000c33b0})
	C:/Program Files/Go/src/net/http/server.go:1966 +0x5d7
created by net/http.(*Server).Serve
	C:/Program Files/Go/src/net/http/server.go:3071 +0x4db
2022/08/02 12:31:40 server.go:3197: http: panic serving [::1]:50983: runtime error: invalid memory address or nil pointer dereference
goroutine 5 [running]:
net/http.(*conn).serve.func1()
	C:/Program Files/Go/src/net/http/server.go:1825 +0xbf
panic({0x7ff6c19a8b20, 0x7ff6c195ed40})
	C:/Program Files/Go/src/runtime/panic.go:844 +0x258
text/template.errRecover(0xc00004d938)
	C:/Program Files/Go/src/text/template/exec.go:164 +0x15b
panic({0x7ff6c19a8b20, 0x7ff6c195ed40})
	C:/Program Files/Go/src/runtime/panic.go:838 +0x207
text/template.(*Template).execute(0x0, {0x7ff6c1a88c40?, 0xc0000640e0?}, {0x0?, 0x0?})
	C:/Program Files/Go/src/text/template/exec.go:215 +0x22c
text/template.(*Template).Execute(...)
	C:/Program Files/Go/src/text/template/exec.go:201
todo_app/app/controllers.top({0x7ff6c1a8ab50?, 0xc0000640e0?}, 0x0?)
	C:/Users/user/go/src/todo_app/app/controllers/route_main.go:10 +0x89
net/http.HandlerFunc.ServeHTTP(0x22ef3fea6b8?, {0x7ff6c1a8ab50?, 0xc0000640e0?}, 0x7ff6c154e825?)
	C:/Program Files/Go/src/net/http/server.go:2084 +0x2f
net/http.(*ServeMux).ServeHTTP(0x0?, {0x7ff6c1a8ab50, 0xc0000640e0}, 0xc000110200)
	C:/Program Files/Go/src/net/http/server.go:2462 +0x149
net/http.serverHandler.ServeHTTP({0xc0000c3560?}, {0x7ff6c1a8ab50, 0xc0000640e0}, 0xc000110200)
	C:/Program Files/Go/src/net/http/server.go:2916 +0x43b
net/http.(*conn).serve(0xc000056000, {0x7ff6c1a8ad58, 0xc0000c33b0})
	C:/Program Files/Go/src/net/http/server.go:1966 +0x5d7
created by net/http.(*Server).Serve
	C:/Program Files/Go/src/net/http/server.go:3071 +0x4db
2022/08/02 12:31:40 server.go:3197: http: panic serving [::1]:50984: runtime error: invalid memory address or nil pointer dereference
goroutine 34 [running]:
net/http.(*conn).serve.func1()
	C:/Program Files/Go/src/net/http/server.go:1825 +0xbf
panic({0x7ff6c19a8b20, 0x7ff6c195ed40})
	C:/Program Files/Go/src/runtime/panic.go:844 +0x258
text/template.errRecover(0xc00006b938)
	C:/Program Files/Go/src/text/template/exec.go:164 +0x15b
panic({0x7ff6c19a8b20, 0x7ff6c195ed40})
	C:/Program Files/Go/src/runtime/panic.go:838 +0x207
text/template.(*Template).execute(0x0, {0x7ff6c1a88c40?, 0xc0000641c0?}, {0x0?, 0x0?})
	C:/Program Files/Go/src/text/template/exec.go:215 +0x22c
text/template.(*Template).Execute(...)
	C:/Program Files/Go/src/text/template/exec.go:201
todo_app/app/controllers.top({0x7ff6c1a8ab50?, 0xc0000641c0?}, 0x0?)
	C:/Users/user/go/src/todo_app/app/controllers/route_main.go:10 +0x89
net/http.HandlerFunc.ServeHTTP(0x22ef3fea6b8?, {0x7ff6c1a8ab50?, 0xc0000641c0?}, 0x7ff6c154e825?)
	C:/Program Files/Go/src/net/http/server.go:2084 +0x2f
net/http.(*ServeMux).ServeHTTP(0x0?, {0x7ff6c1a8ab50, 0xc0000641c0}, 0xc00005e300)
	C:/Program Files/Go/src/net/http/server.go:2462 +0x149
net/http.serverHandler.ServeHTTP({0xc0000202d0?}, {0x7ff6c1a8ab50, 0xc0000641c0}, 0xc00005e300)
	C:/Program Files/Go/src/net/http/server.go:2916 +0x43b
net/http.(*conn).serve(0xc00020c000, {0x7ff6c1a8ad58, 0xc0000c33b0})
	C:/Program Files/Go/src/net/http/server.go:1966 +0x5d7
created by net/http.(*Server).Serve
	C:/Program Files/Go/src/net/http/server.go:3071 +0x4db
2022/08/02 12:31:42 server.go:3197: http: panic serving [::1]:50985: runtime error: invalid memory address or nil pointer dereference
goroutine 35 [running]:
net/http.(*conn).serve.func1()
	C:/Program Files/Go/src/net/http/server.go:1825 +0xbf
panic({0x7ff6c19a8b20, 0x7ff6c195ed40})
	C:/Program Files/Go/src/runtime/panic.go:844 +0x258
text/template.errRecover(0xc00006d938)
	C:/Program Files/Go/src/text/template/exec.go:164 +0x15b
panic({0x7ff6c19a8b20, 0x7ff6c195ed40})
	C:/Program Files/Go/src/runtime/panic.go:838 +0x207
text/template.(*Template).execute(0x0, {0x7ff6c1a88c40?, 0xc0000642a0?}, {0x0?, 0x0?})
	C:/Program Files/Go/src/text/template/exec.go:215 +0x22c
text/template.(*Template).Execute(...)
	C:/Program Files/Go/src/text/template/exec.go:201
todo_app/app/controllers.top({0x7ff6c1a8ab50?, 0xc0000642a0?}, 0x0?)
	C:/Users/user/go/src/todo_app/app/controllers/route_main.go:10 +0x89
net/http.HandlerFunc.ServeHTTP(0x22ef3fea6b8?, {0x7ff6c1a8ab50?, 0xc0000642a0?}, 0x7ff6c154e825?)
	C:/Program Files/Go/src/net/http/server.go:2084 +0x2f
net/http.(*ServeMux).ServeHTTP(0x0?, {0x7ff6c1a8ab50, 0xc0000642a0}, 0xc000218000)
	C:/Program Files/Go/src/net/http/server.go:2462 +0x149
net/http.serverHandler.ServeHTTP({0xc000208150?}, {0x7ff6c1a8ab50, 0xc0000642a0}, 0xc000218000)
	C:/Program Files/Go/src/net/http/server.go:2916 +0x43b
net/http.(*conn).serve(0xc00020c0a0, {0x7ff6c1a8ad58, 0xc0000c33b0})
	C:/Program Files/Go/src/net/http/server.go:1966 +0x5d7
created by net/http.(*Server).Serve
	C:/Program Files/Go/src/net/http/server.go:3071 +0x4db
2022/08/02 12:31:42 server.go:3197: http: panic serving [::1]:50986: runtime error: invalid memory address or nil pointer dereference
goroutine 36 [running]:
net/http.(*conn).serve.func1()
	C:/Program Files/Go/src/net/http/server.go:1825 +0xbf
panic({0x7ff6c19a8b20, 0x7ff6c195ed40})
	C:/Program Files/Go/src/runtime/panic.go:844 +0x258
text/template.errRecover(0xc00004d938)
	C:/Program Files/Go/src/text/template/exec.go:164 +0x15b
panic({0x7ff6c19a8b20, 0x7ff6c195ed40})
	C:/Program Files/Go/src/runtime/panic.go:838 +0x207
text/template.(*Template).execute(0x0, {0x7ff6c1a88c40?, 0xc00011e0e0?}, {0x0?, 0x0?})
	C:/Program Files/Go/src/text/template/exec.go:215 +0x22c
text/template.(*Template).Execute(...)
	C:/Program Files/Go/src/text/template/exec.go:201
todo_app/app/controllers.top({0x7ff6c1a8ab50?, 0xc00011e0e0?}, 0x0?)
	C:/Users/user/go/src/todo_app/app/controllers/route_main.go:10 +0x89
net/http.HandlerFunc.ServeHTTP(0x22ef3fea7a8?, {0x7ff6c1a8ab50?, 0xc00011e0e0?}, 0x7ff6c154e825?)
	C:/Program Files/Go/src/net/http/server.go:2084 +0x2f
net/http.(*ServeMux).ServeHTTP(0x0?, {0x7ff6c1a8ab50, 0xc00011e0e0}, 0xc000218100)
	C:/Program Files/Go/src/net/http/server.go:2462 +0x149
net/http.serverHandler.ServeHTTP({0xc000208210?}, {0x7ff6c1a8ab50, 0xc00011e0e0}, 0xc000218100)
	C:/Program Files/Go/src/net/http/server.go:2916 +0x43b
net/http.(*conn).serve(0xc00020c140, {0x7ff6c1a8ad58, 0xc0000c33b0})
	C:/Program Files/Go/src/net/http/server.go:1966 +0x5d7
created by net/http.(*Server).Serve
	C:/Program Files/Go/src/net/http/server.go:3071 +0x4db
2022/08/02 12:31:42 server.go:3197: http: panic serving [::1]:50987: runtime error: invalid memory address or nil pointer dereference
goroutine 37 [running]:
net/http.(*conn).serve.func1()
	C:/Program Files/Go/src/net/http/server.go:1825 +0xbf
panic({0x7ff6c19a8b20, 0x7ff6c195ed40})
	C:/Program Files/Go/src/runtime/panic.go:844 +0x258
text/template.errRecover(0xc00021f938)
	C:/Program Files/Go/src/text/template/exec.go:164 +0x15b
panic({0x7ff6c19a8b20, 0x7ff6c195ed40})
	C:/Program Files/Go/src/runtime/panic.go:838 +0x207
text/template.(*Template).execute(0x0, {0x7ff6c1a88c40?, 0xc000234000?}, {0x0?, 0x0?})
	C:/Program Files/Go/src/text/template/exec.go:215 +0x22c
text/template.(*Template).Execute(...)
	C:/Program Files/Go/src/text/template/exec.go:201
todo_app/app/controllers.top({0x7ff6c1a8ab50?, 0xc000234000?}, 0x0?)
	C:/Users/user/go/src/todo_app/app/controllers/route_main.go:10 +0x89
net/http.HandlerFunc.ServeHTTP(0x22ef3fea7a8?, {0x7ff6c1a8ab50?, 0xc000234000?}, 0x7ff6c154e825?)
	C:/Program Files/Go/src/net/http/server.go:2084 +0x2f
net/http.(*ServeMux).ServeHTTP(0x0?, {0x7ff6c1a8ab50, 0xc000234000}, 0xc000218200)
	C:/Program Files/Go/src/net/http/server.go:2462 +0x149
net/http.serverHandler.ServeHTTP({0xc000208300?}, {0x7ff6c1a8ab50, 0xc000234000}, 0xc000218200)
	C:/Program Files/Go/src/net/http/server.go:2916 +0x43b
net/http.(*conn).serve(0xc00020c1e0, {0x7ff6c1a8ad58, 0xc0000c33b0})
	C:/Program Files/Go/src/net/http/server.go:1966 +0x5d7
created by net/http.(*Server).Serve
	C:/Program Files/Go/src/net/http/server.go:3071 +0x4db
2022/08/02 12:31:46 server.go:3197: http: panic serving [::1]:50988: runtime error: invalid memory address or nil pointer dereference
goroutine 39 [running]:
net/http.(*conn).serve.func1()
	C:/Program Files/Go/src/net/http/server.go:1825 +0xbf
panic({0x7ff6c19a8b20, 0x7ff6c195ed40})
	C:/Program Files/Go/src/runtime/panic.go:844 +0x258
text/template.errRecover(0xc000071938)
	C:/Program Files/Go/src/text/template/exec.go:164 +0x15b
panic({0x7ff6c19a8b20, 0x7ff6c195ed40})
	C:/Program Files/Go/src/runtime/panic.go:838 +0x207
text/template.(*Template).execute(0x0, {0x7ff6c1a88c40?, 0xc000064380?}, {0x0?, 0x0?})
	C:/Program Files/Go/src/text/template/exec.go:215 +0x22c
text/template.(*Template).Execute(...)
	C:/Program Files/Go/src/text/template/exec.go:201
todo_app/app/controllers.top({0x7ff6c1a8ab50?, 0xc000064380?}, 0x0?)
	C:/Users/user/go/src/todo_app/app/controllers/route_main.go:10 +0x89
net/http.HandlerFunc.ServeHTTP(0x22ef3fea7a8?, {0x7ff6c1a8ab50?, 0xc000064380?}, 0x7ff6c154e825?)
	C:/Program Files/Go/src/net/http/server.go:2084 +0x2f
net/http.(*ServeMux).ServeHTTP(0x0?, {0x7ff6c1a8ab50, 0xc000064380}, 0xc000218400)
	C:/Program Files/Go/src/net/http/server.go:2462 +0x149
net/http.serverHandler.ServeHTTP({0xc0002084b0?}, {0x7ff6c1a8ab50, 0xc000064380}, 0xc000218400)
	C:/Program Files/Go/src/net/http/server.go:2916 +0x43b
net/http.(*conn).serve(0xc00020c280, {0x7ff6c1a8ad58, 0xc0000c33b0})
	C:/Program Files/Go/src/net/http/server.go:1966 +0x5d7
created by net/http.(*Server).Serve
	C:/Program Files/Go/src/net/http/server.go:3071 +0x4db
2022/08/02 12:31:46 server.go:3197: http: panic serving [::1]:50989: runtime error: invalid memory address or nil pointer dereference
goroutine 40 [running]:
net/http.(*conn).serve.func1()
	C:/Program Files/Go/src/net/http/server.go:1825 +0xbf
panic({0x7ff6c19a8b20, 0x7ff6c195ed40})
	C:/Program Files/Go/src/runtime/panic.go:844 +0x258
text/template.errRecover(0xc00021f938)
	C:/Program Files/Go/src/text/template/exec.go:164 +0x15b
panic({0x7ff6c19a8b20, 0x7ff6c195ed40})
	C:/Program Files/Go/src/runtime/panic.go:838 +0x207
text/template.(*Template).execute(0x0, {0x7ff6c1a88c40?, 0xc00011e1c0?}, {0x0?, 0x0?})
	C:/Program Files/Go/src/text/template/exec.go:215 +0x22c
text/template.(*Template).Execute(...)
	C:/Program Files/Go/src/text/template/exec.go:201
todo_app/app/controllers.top({0x7ff6c1a8ab50?, 0xc00011e1c0?}, 0x0?)
	C:/Users/user/go/src/todo_app/app/controllers/route_main.go:10 +0x89
net/http.HandlerFunc.ServeHTTP(0x22ef3fea6b8?, {0x7ff6c1a8ab50?, 0xc00011e1c0?}, 0x7ff6c154e825?)
	C:/Program Files/Go/src/net/http/server.go:2084 +0x2f
net/http.(*ServeMux).ServeHTTP(0x0?, {0x7ff6c1a8ab50, 0xc00011e1c0}, 0xc000218500)
	C:/Program Files/Go/src/net/http/server.go:2462 +0x149
net/http.serverHandler.ServeHTTP({0xc000208570?}, {0x7ff6c1a8ab50, 0xc00011e1c0}, 0xc000218500)
	C:/Program Files/Go/src/net/http/server.go:2916 +0x43b
net/http.(*conn).serve(0xc00020c320, {0x7ff6c1a8ad58, 0xc0000c33b0})
	C:/Program Files/Go/src/net/http/server.go:1966 +0x5d7
created by net/http.(*Server).Serve
	C:/Program Files/Go/src/net/http/server.go:3071 +0x4db
2022/08/02 12:31:46 server.go:3197: http: panic serving [::1]:50990: runtime error: invalid memory address or nil pointer dereference
goroutine 23 [running]:
net/http.(*conn).serve.func1()
	C:/Program Files/Go/src/net/http/server.go:1825 +0xbf
panic({0x7ff6c19a8b20, 0x7ff6c195ed40})
	C:/Program Files/Go/src/runtime/panic.go:844 +0x258
text/template.errRecover(0xc00006d938)
	C:/Program Files/Go/src/text/template/exec.go:164 +0x15b
panic({0x7ff6c19a8b20, 0x7ff6c195ed40})
	C:/Program Files/Go/src/runtime/panic.go:838 +0x207
text/template.(*Template).execute(0x0, {0x7ff6c1a88c40?, 0xc00011e2a0?}, {0x0?, 0x0?})
	C:/Program Files/Go/src/text/template/exec.go:215 +0x22c
text/template.(*Template).Execute(...)
	C:/Program Files/Go/src/text/template/exec.go:201
todo_app/app/controllers.top({0x7ff6c1a8ab50?, 0xc00011e2a0?}, 0x0?)
	C:/Users/user/go/src/todo_app/app/controllers/route_main.go:10 +0x89
net/http.HandlerFunc.ServeHTTP(0x22ef3fea6b8?, {0x7ff6c1a8ab50?, 0xc00011e2a0?}, 0x7ff6c154e825?)
	C:/Program Files/Go/src/net/http/server.go:2084 +0x2f
net/http.(*ServeMux).ServeHTTP(0x0?, {0x7ff6c1a8ab50, 0xc00011e2a0}, 0xc000110500)
	C:/Program Files/Go/src/net/http/server.go:2462 +0x149
net/http.serverHandler.ServeHTTP({0xc0000c38c0?}, {0x7ff6c1a8ab50, 0xc00011e2a0}, 0xc000110500)
	C:/Program Files/Go/src/net/http/server.go:2916 +0x43b
net/http.(*conn).serve(0xc0000a2fa0, {0x7ff6c1a8ad58, 0xc0000c33b0})
	C:/Program Files/Go/src/net/http/server.go:1966 +0x5d7
created by net/http.(*Server).Serve
	C:/Program Files/Go/src/net/http/server.go:3071 +0x4db
2022/08/02 12:31:47 server.go:3197: http: panic serving [::1]:50991: runtime error: invalid memory address or nil pointer dereference
goroutine 25 [running]:
net/http.(*conn).serve.func1()
	C:/Program Files/Go/src/net/http/server.go:1825 +0xbf
panic({0x7ff6c19a8b20, 0x7ff6c195ed40})
	C:/Program Files/Go/src/runtime/panic.go:844 +0x258
text/template.errRecover(0xc00006d938)
	C:/Program Files/Go/src/text/template/exec.go:164 +0x15b
panic({0x7ff6c19a8b20, 0x7ff6c195ed40})
	C:/Program Files/Go/src/runtime/panic.go:838 +0x207
text/template.(*Template).execute(0x0, {0x7ff6c1a88c40?, 0xc000064460?}, {0x0?, 0x0?})
	C:/Program Files/Go/src/text/template/exec.go:215 +0x22c
text/template.(*Template).Execute(...)
	C:/Program Files/Go/src/text/template/exec.go:201
todo_app/app/controllers.top({0x7ff6c1a8ab50?, 0xc000064460?}, 0x0?)
	C:/Users/user/go/src/todo_app/app/controllers/route_main.go:10 +0x89
net/http.HandlerFunc.ServeHTTP(0x22ef3fea6b8?, {0x7ff6c1a8ab50?, 0xc000064460?}, 0x7ff6c154e825?)
	C:/Program Files/Go/src/net/http/server.go:2084 +0x2f
net/http.(*ServeMux).ServeHTTP(0x0?, {0x7ff6c1a8ab50, 0xc000064460}, 0xc000110700)
	C:/Program Files/Go/src/net/http/server.go:2462 +0x149
net/http.serverHandler.ServeHTTP({0xc0000c3a70?}, {0x7ff6c1a8ab50, 0xc000064460}, 0xc000110700)
	C:/Program Files/Go/src/net/http/server.go:2916 +0x43b
net/http.(*conn).serve(0xc0000a3040, {0x7ff6c1a8ad58, 0xc0000c33b0})
	C:/Program Files/Go/src/net/http/server.go:1966 +0x5d7
created by net/http.(*Server).Serve
	C:/Program Files/Go/src/net/http/server.go:3071 +0x4db
2022/08/02 12:31:47 server.go:3197: http: panic serving [::1]:50992: runtime error: invalid memory address or nil pointer dereference
goroutine 26 [running]:
net/http.(*conn).serve.func1()
	C:/Program Files/Go/src/net/http/server.go:1825 +0xbf
panic({0x7ff6c19a8b20, 0x7ff6c195ed40})
	C:/Program Files/Go/src/runtime/panic.go:844 +0x258
text/template.errRecover(0xc00006f938)
	C:/Program Files/Go/src/text/template/exec.go:164 +0x15b
panic({0x7ff6c19a8b20, 0x7ff6c195ed40})
	C:/Program Files/Go/src/runtime/panic.go:838 +0x207
text/template.(*Template).execute(0x0, {0x7ff6c1a88c40?, 0xc0002340e0?}, {0x0?, 0x0?})
	C:/Program Files/Go/src/text/template/exec.go:215 +0x22c
text/template.(*Template).Execute(...)
	C:/Program Files/Go/src/text/template/exec.go:201
todo_app/app/controllers.top({0x7ff6c1a8ab50?, 0xc0002340e0?}, 0x0?)
	C:/Users/user/go/src/todo_app/app/controllers/route_main.go:10 +0x89
net/http.HandlerFunc.ServeHTTP(0x22ef3fea7a8?, {0x7ff6c1a8ab50?, 0xc0002340e0?}, 0x7ff6c154e825?)
	C:/Program Files/Go/src/net/http/server.go:2084 +0x2f
net/http.(*ServeMux).ServeHTTP(0x0?, {0x7ff6c1a8ab50, 0xc0002340e0}, 0xc000110800)
	C:/Program Files/Go/src/net/http/server.go:2462 +0x149
net/http.serverHandler.ServeHTTP({0xc0000c3b30?}, {0x7ff6c1a8ab50, 0xc0002340e0}, 0xc000110800)
	C:/Program Files/Go/src/net/http/server.go:2916 +0x43b
net/http.(*conn).serve(0xc0000a30e0, {0x7ff6c1a8ad58, 0xc0000c33b0})
	C:/Program Files/Go/src/net/http/server.go:1966 +0x5d7
created by net/http.(*Server).Serve
	C:/Program Files/Go/src/net/http/server.go:3071 +0x4db
2022/08/02 12:31:47 server.go:3197: http: panic serving [::1]:50993: runtime error: invalid memory address or nil pointer dereference
goroutine 42 [running]:
net/http.(*conn).serve.func1()
	C:/Program Files/Go/src/net/http/server.go:1825 +0xbf
panic({0x7ff6c19a8b20, 0x7ff6c195ed40})
	C:/Program Files/Go/src/runtime/panic.go:844 +0x258
text/template.errRecover(0xc000071938)
	C:/Program Files/Go/src/text/template/exec.go:164 +0x15b
panic({0x7ff6c19a8b20, 0x7ff6c195ed40})
	C:/Program Files/Go/src/runtime/panic.go:838 +0x207
text/template.(*Template).execute(0x0, {0x7ff6c1a88c40?, 0xc0002341c0?}, {0x0?, 0x0?})
	C:/Program Files/Go/src/text/template/exec.go:215 +0x22c
text/template.(*Template).Execute(...)
	C:/Program Files/Go/src/text/template/exec.go:201
todo_app/app/controllers.top({0x7ff6c1a8ab50?, 0xc0002341c0?}, 0x0?)
	C:/Users/user/go/src/todo_app/app/controllers/route_main.go:10 +0x89
net/http.HandlerFunc.ServeHTTP(0x22ef3fea7a8?, {0x7ff6c1a8ab50?, 0xc0002341c0?}, 0x7ff6c154e825?)
	C:/Program Files/Go/src/net/http/server.go:2084 +0x2f
net/http.(*ServeMux).ServeHTTP(0x0?, {0x7ff6c1a8ab50, 0xc0002341c0}, 0xc000218700)
	C:/Program Files/Go/src/net/http/server.go:2462 +0x149
net/http.serverHandler.ServeHTTP({0xc000208750?}, {0x7ff6c1a8ab50, 0xc0002341c0}, 0xc000218700)
	C:/Program Files/Go/src/net/http/server.go:2916 +0x43b
net/http.(*conn).serve(0xc00020c3c0, {0x7ff6c1a8ad58, 0xc0000c33b0})
	C:/Program Files/Go/src/net/http/server.go:1966 +0x5d7
created by net/http.(*Server).Serve
	C:/Program Files/Go/src/net/http/server.go:3071 +0x4db
2022/08/02 12:31:48 server.go:3197: http: panic serving [::1]:50994: runtime error: invalid memory address or nil pointer dereference
goroutine 44 [running]:
net/http.(*conn).serve.func1()
	C:/Program Files/Go/src/net/http/server.go:1825 +0xbf
panic({0x7ff6c19a8b20, 0x7ff6c195ed40})
	C:/Program Files/Go/src/runtime/panic.go:844 +0x258
text/template.errRecover(0xc00004d938)
	C:/Program Files/Go/src/text/template/exec.go:164 +0x15b
panic({0x7ff6c19a8b20, 0x7ff6c195ed40})
	C:/Program Files/Go/src/runtime/panic.go:838 +0x207
text/template.(*Template).execute(0x0, {0x7ff6c1a88c40?, 0xc000064540?}, {0x0?, 0x0?})
	C:/Program Files/Go/src/text/template/exec.go:215 +0x22c
text/template.(*Template).Execute(...)
	C:/Program Files/Go/src/text/template/exec.go:201
todo_app/app/controllers.top({0x7ff6c1a8ab50?, 0xc000064540?}, 0x0?)
	C:/Users/user/go/src/todo_app/app/controllers/route_main.go:10 +0x89
net/http.HandlerFunc.ServeHTTP(0x22ef3fea7a8?, {0x7ff6c1a8ab50?, 0xc000064540?}, 0x7ff6c154e825?)
	C:/Program Files/Go/src/net/http/server.go:2084 +0x2f
net/http.(*ServeMux).ServeHTTP(0x0?, {0x7ff6c1a8ab50, 0xc000064540}, 0xc000218900)
	C:/Program Files/Go/src/net/http/server.go:2462 +0x149
net/http.serverHandler.ServeHTTP({0xc000208900?}, {0x7ff6c1a8ab50, 0xc000064540}, 0xc000218900)
	C:/Program Files/Go/src/net/http/server.go:2916 +0x43b
net/http.(*conn).serve(0xc00020c460, {0x7ff6c1a8ad58, 0xc0000c33b0})
	C:/Program Files/Go/src/net/http/server.go:1966 +0x5d7
created by net/http.(*Server).Serve
	C:/Program Files/Go/src/net/http/server.go:3071 +0x4db
2022/08/02 12:31:48 server.go:3197: http: panic serving [::1]:50995: runtime error: invalid memory address or nil pointer dereference
goroutine 45 [running]:
net/http.(*conn).serve.func1()
	C:/Program Files/Go/src/net/http/server.go:1825 +0xbf
panic({0x7ff6c19a8b20, 0x7ff6c195ed40})
	C:/Program Files/Go/src/runtime/panic.go:844 +0x258
text/template.errRecover(0xc000071938)
	C:/Program Files/Go/src/text/template/exec.go:164 +0x15b
panic({0x7ff6c19a8b20, 0x7ff6c195ed40})
	C:/Program Files/Go/src/runtime/panic.go:838 +0x207
text/template.(*Template).execute(0x0, {0x7ff6c1a88c40?, 0xc00011e380?}, {0x0?, 0x0?})
	C:/Program Files/Go/src/text/template/exec.go:215 +0x22c
text/template.(*Template).Execute(...)
	C:/Program Files/Go/src/text/template/exec.go:201
todo_app/app/controllers.top({0x7ff6c1a8ab50?, 0xc00011e380?}, 0x0?)
	C:/Users/user/go/src/todo_app/app/controllers/route_main.go:10 +0x89
net/http.HandlerFunc.ServeHTTP(0x22ef3fea6b8?, {0x7ff6c1a8ab50?, 0xc00011e380?}, 0x7ff6c154e825?)
	C:/Program Files/Go/src/net/http/server.go:2084 +0x2f
net/http.(*ServeMux).ServeHTTP(0x0?, {0x7ff6c1a8ab50, 0xc00011e380}, 0xc000218a00)
	C:/Program Files/Go/src/net/http/server.go:2462 +0x149
net/http.serverHandler.ServeHTTP({0xc0002089c0?}, {0x7ff6c1a8ab50, 0xc00011e380}, 0xc000218a00)
	C:/Program Files/Go/src/net/http/server.go:2916 +0x43b
net/http.(*conn).serve(0xc00020c500, {0x7ff6c1a8ad58, 0xc0000c33b0})
	C:/Program Files/Go/src/net/http/server.go:1966 +0x5d7
created by net/http.(*Server).Serve
	C:/Program Files/Go/src/net/http/server.go:3071 +0x4db
2022/08/02 12:31:48 server.go:3197: http: panic serving [::1]:50996: runtime error: invalid memory address or nil pointer dereference
goroutine 28 [running]:
net/http.(*conn).serve.func1()
	C:/Program Files/Go/src/net/http/server.go:1825 +0xbf
panic({0x7ff6c19a8b20, 0x7ff6c195ed40})
	C:/Program Files/Go/src/runtime/panic.go:844 +0x258
text/template.errRecover(0xc00006d938)
	C:/Program Files/Go/src/text/template/exec.go:164 +0x15b
panic({0x7ff6c19a8b20, 0x7ff6c195ed40})
	C:/Program Files/Go/src/runtime/panic.go:838 +0x207
text/template.(*Template).execute(0x0, {0x7ff6c1a88c40?, 0xc00011e460?}, {0x0?, 0x0?})
	C:/Program Files/Go/src/text/template/exec.go:215 +0x22c
text/template.(*Template).Execute(...)
	C:/Program Files/Go/src/text/template/exec.go:201
todo_app/app/controllers.top({0x7ff6c1a8ab50?, 0xc00011e460?}, 0x0?)
	C:/Users/user/go/src/todo_app/app/controllers/route_main.go:10 +0x89
net/http.HandlerFunc.ServeHTTP(0x22ef3fe0cc8?, {0x7ff6c1a8ab50?, 0xc00011e460?}, 0x7ff6c154e825?)
	C:/Program Files/Go/src/net/http/server.go:2084 +0x2f
net/http.(*ServeMux).ServeHTTP(0x0?, {0x7ff6c1a8ab50, 0xc00011e460}, 0xc000110a00)
	C:/Program Files/Go/src/net/http/server.go:2462 +0x149
net/http.serverHandler.ServeHTTP({0xc0000c3ce0?}, {0x7ff6c1a8ab50, 0xc00011e460}, 0xc000110a00)
	C:/Program Files/Go/src/net/http/server.go:2916 +0x43b
net/http.(*conn).serve(0xc0000a3180, {0x7ff6c1a8ad58, 0xc0000c33b0})
	C:/Program Files/Go/src/net/http/server.go:1966 +0x5d7
created by net/http.(*Server).Serve
	C:/Program Files/Go/src/net/http/server.go:3071 +0x4db
2022/08/02 12:31:49 server.go:3197: http: panic serving [::1]:50997: runtime error: invalid memory address or nil pointer dereference
goroutine 30 [running]:
net/http.(*conn).serve.func1()
	C:/Program Files/Go/src/net/http/server.go:1825 +0xbf
panic({0x7ff6c19a8b20, 0x7ff6c195ed40})
	C:/Program Files/Go/src/runtime/panic.go:844 +0x258
text/template.errRecover(0xc000221938)
	C:/Program Files/Go/src/text/template/exec.go:164 +0x15b
panic({0x7ff6c19a8b20, 0x7ff6c195ed40})
	C:/Program Files/Go/src/runtime/panic.go:838 +0x207
text/template.(*Template).execute(0x0, {0x7ff6c1a88c40?, 0xc000064620?}, {0x0?, 0x0?})
	C:/Program Files/Go/src/text/template/exec.go:215 +0x22c
text/template.(*Template).Execute(...)
	C:/Program Files/Go/src/text/template/exec.go:201
todo_app/app/controllers.top({0x7ff6c1a8ab50?, 0xc000064620?}, 0x0?)
	C:/Users/user/go/src/todo_app/app/controllers/route_main.go:10 +0x89
net/http.HandlerFunc.ServeHTTP(0x22ef3fea6b8?, {0x7ff6c1a8ab50?, 0xc000064620?}, 0x7ff6c154e825?)
	C:/Program Files/Go/src/net/http/server.go:2084 +0x2f
net/http.(*ServeMux).ServeHTTP(0x0?, {0x7ff6c1a8ab50, 0xc000064620}, 0xc000110c00)
	C:/Program Files/Go/src/net/http/server.go:2462 +0x149
net/http.serverHandler.ServeHTTP({0xc0000c3e90?}, {0x7ff6c1a8ab50, 0xc000064620}, 0xc000110c00)
	C:/Program Files/Go/src/net/http/server.go:2916 +0x43b
net/http.(*conn).serve(0xc0000a3220, {0x7ff6c1a8ad58, 0xc0000c33b0})
	C:/Program Files/Go/src/net/http/server.go:1966 +0x5d7
created by net/http.(*Server).Serve
	C:/Program Files/Go/src/net/http/server.go:3071 +0x4db
2022/08/02 12:31:49 server.go:3197: http: panic serving [::1]:50998: runtime error: invalid memory address or nil pointer dereference
goroutine 31 [running]:
net/http.(*conn).serve.func1()
	C:/Program Files/Go/src/net/http/server.go:1825 +0xbf
panic({0x7ff6c19a8b20, 0x7ff6c195ed40})
	C:/Program Files/Go/src/runtime/panic.go:844 +0x258
text/template.errRecover(0xc00006d938)
	C:/Program Files/Go/src/text/template/exec.go:164 +0x15b
panic({0x7ff6c19a8b20, 0x7ff6c195ed40})
	C:/Program Files/Go/src/runtime/panic.go:838 +0x207
text/template.(*Template).execute(0x0, {0x7ff6c1a88c40?, 0xc0002342a0?}, {0x0?, 0x0?})
	C:/Program Files/Go/src/text/template/exec.go:215 +0x22c
text/template.(*Template).Execute(...)
	C:/Program Files/Go/src/text/template/exec.go:201
todo_app/app/controllers.top({0x7ff6c1a8ab50?, 0xc0002342a0?}, 0x0?)
	C:/Users/user/go/src/todo_app/app/controllers/route_main.go:10 +0x89
net/http.HandlerFunc.ServeHTTP(0x22ef3fea7a8?, {0x7ff6c1a8ab50?, 0xc0002342a0?}, 0x7ff6c154e825?)
	C:/Program Files/Go/src/net/http/server.go:2084 +0x2f
net/http.(*ServeMux).ServeHTTP(0x0?, {0x7ff6c1a8ab50, 0xc0002342a0}, 0xc000110d00)
	C:/Program Files/Go/src/net/http/server.go:2462 +0x149
net/http.serverHandler.ServeHTTP({0xc0000c3f50?}, {0x7ff6c1a8ab50, 0xc0002342a0}, 0xc000110d00)
	C:/Program Files/Go/src/net/http/server.go:2916 +0x43b
net/http.(*conn).serve(0xc0000a32c0, {0x7ff6c1a8ad58, 0xc0000c33b0})
	C:/Program Files/Go/src/net/http/server.go:1966 +0x5d7
created by net/http.(*Server).Serve
	C:/Program Files/Go/src/net/http/server.go:3071 +0x4db
2022/08/02 12:31:49 server.go:3197: http: panic serving [::1]:50999: runtime error: invalid memory address or nil pointer dereference
goroutine 47 [running]:
net/http.(*conn).serve.func1()
	C:/Program Files/Go/src/net/http/server.go:1825 +0xbf
panic({0x7ff6c19a8b20, 0x7ff6c195ed40})
	C:/Program Files/Go/src/runtime/panic.go:844 +0x258
text/template.errRecover(0xc00004d938)
	C:/Program Files/Go/src/text/template/exec.go:164 +0x15b
panic({0x7ff6c19a8b20, 0x7ff6c195ed40})
	C:/Program Files/Go/src/runtime/panic.go:838 +0x207
text/template.(*Template).execute(0x0, {0x7ff6c1a88c40?, 0xc000234380?}, {0x0?, 0x0?})
	C:/Program Files/Go/src/text/template/exec.go:215 +0x22c
text/template.(*Template).Execute(...)
	C:/Program Files/Go/src/text/template/exec.go:201
todo_app/app/controllers.top({0x7ff6c1a8ab50?, 0xc000234380?}, 0x0?)
	C:/Users/user/go/src/todo_app/app/controllers/route_main.go:10 +0x89
net/http.HandlerFunc.ServeHTTP(0x22ef3fea7a8?, {0x7ff6c1a8ab50?, 0xc000234380?}, 0x7ff6c154e825?)
	C:/Program Files/Go/src/net/http/server.go:2084 +0x2f
net/http.(*ServeMux).ServeHTTP(0x0?, {0x7ff6c1a8ab50, 0xc000234380}, 0xc000218c00)
	C:/Program Files/Go/src/net/http/server.go:2462 +0x149
net/http.serverHandler.ServeHTTP({0xc000208b70?}, {0x7ff6c1a8ab50, 0xc000234380}, 0xc000218c00)
	C:/Program Files/Go/src/net/http/server.go:2916 +0x43b
net/http.(*conn).serve(0xc00020c5a0, {0x7ff6c1a8ad58, 0xc0000c33b0})
	C:/Program Files/Go/src/net/http/server.go:1966 +0x5d7
created by net/http.(*Server).Serve
	C:/Program Files/Go/src/net/http/server.go:3071 +0x4db
2022/08/02 12:31:54 server.go:3197: http: panic serving [::1]:51000: runtime error: invalid memory address or nil pointer dereference
goroutine 49 [running]:
net/http.(*conn).serve.func1()
	C:/Program Files/Go/src/net/http/server.go:1825 +0xbf
panic({0x7ff6c19a8b20, 0x7ff6c195ed40})
	C:/Program Files/Go/src/runtime/panic.go:844 +0x258
text/template.errRecover(0xc00021f938)
	C:/Program Files/Go/src/text/template/exec.go:164 +0x15b
panic({0x7ff6c19a8b20, 0x7ff6c195ed40})
	C:/Program Files/Go/src/runtime/panic.go:838 +0x207
text/template.(*Template).execute(0x0, {0x7ff6c1a88c40?, 0xc000064700?}, {0x0?, 0x0?})
	C:/Program Files/Go/src/text/template/exec.go:215 +0x22c
text/template.(*Template).Execute(...)
	C:/Program Files/Go/src/text/template/exec.go:201
todo_app/app/controllers.top({0x7ff6c1a8ab50?, 0xc000064700?}, 0x0?)
	C:/Users/user/go/src/todo_app/app/controllers/route_main.go:10 +0x89
net/http.HandlerFunc.ServeHTTP(0x22ef3fea7a8?, {0x7ff6c1a8ab50?, 0xc000064700?}, 0x7ff6c154e825?)
	C:/Program Files/Go/src/net/http/server.go:2084 +0x2f
net/http.(*ServeMux).ServeHTTP(0x0?, {0x7ff6c1a8ab50, 0xc000064700}, 0xc000218e00)
	C:/Program Files/Go/src/net/http/server.go:2462 +0x149
net/http.serverHandler.ServeHTTP({0xc000208d20?}, {0x7ff6c1a8ab50, 0xc000064700}, 0xc000218e00)
	C:/Program Files/Go/src/net/http/server.go:2916 +0x43b
net/http.(*conn).serve(0xc00020c640, {0x7ff6c1a8ad58, 0xc0000c33b0})
	C:/Program Files/Go/src/net/http/server.go:1966 +0x5d7
created by net/http.(*Server).Serve
	C:/Program Files/Go/src/net/http/server.go:3071 +0x4db
2022/08/02 12:31:54 server.go:3197: http: panic serving [::1]:51001: runtime error: invalid memory address or nil pointer dereference
goroutine 50 [running]:
net/http.(*conn).serve.func1()
	C:/Program Files/Go/src/net/http/server.go:1825 +0xbf
panic({0x7ff6c19a8b20, 0x7ff6c195ed40})
	C:/Program Files/Go/src/runtime/panic.go:844 +0x258
text/template.errRecover(0xc00004d938)
	C:/Program Files/Go/src/text/template/exec.go:164 +0x15b
panic({0x7ff6c19a8b20, 0x7ff6c195ed40})
	C:/Program Files/Go/src/runtime/panic.go:838 +0x207
text/template.(*Template).execute(0x0, {0x7ff6c1a88c40?, 0xc0000647e0?}, {0x0?, 0x0?})
	C:/Program Files/Go/src/text/template/exec.go:215 +0x22c
text/template.(*Template).Execute(...)
	C:/Program Files/Go/src/text/template/exec.go:201
todo_app/app/controllers.top({0x7ff6c1a8ab50?, 0xc0000647e0?}, 0x0?)
	C:/Users/user/go/src/todo_app/app/controllers/route_main.go:10 +0x89
net/http.HandlerFunc.ServeHTTP(0x22ef3fea6b8?, {0x7ff6c1a8ab50?, 0xc0000647e0?}, 0x7ff6c154e825?)
	C:/Program Files/Go/src/net/http/server.go:2084 +0x2f
net/http.(*ServeMux).ServeHTTP(0x0?, {0x7ff6c1a8ab50, 0xc0000647e0}, 0xc000219000)
	C:/Program Files/Go/src/net/http/server.go:2462 +0x149
net/http.serverHandler.ServeHTTP({0xc000208de0?}, {0x7ff6c1a8ab50, 0xc0000647e0}, 0xc000219000)
	C:/Program Files/Go/src/net/http/server.go:2916 +0x43b
net/http.(*conn).serve(0xc00020c6e0, {0x7ff6c1a8ad58, 0xc0000c33b0})
	C:/Program Files/Go/src/net/http/server.go:1966 +0x5d7
created by net/http.(*Server).Serve
	C:/Program Files/Go/src/net/http/server.go:3071 +0x4db
2022/08/02 12:31:54 server.go:3197: http: panic serving [::1]:51002: runtime error: invalid memory address or nil pointer dereference
goroutine 16 [running]:
net/http.(*conn).serve.func1()
	C:/Program Files/Go/src/net/http/server.go:1825 +0xbf
panic({0x7ff6c19a8b20, 0x7ff6c195ed40})
	C:/Program Files/Go/src/runtime/panic.go:844 +0x258
text/template.errRecover(0xc000071938)
	C:/Program Files/Go/src/text/template/exec.go:164 +0x15b
panic({0x7ff6c19a8b20, 0x7ff6c195ed40})
	C:/Program Files/Go/src/runtime/panic.go:838 +0x207
text/template.(*Template).execute(0x0, {0x7ff6c1a88c40?, 0xc0000648c0?}, {0x0?, 0x0?})
	C:/Program Files/Go/src/text/template/exec.go:215 +0x22c
text/template.(*Template).Execute(...)
	C:/Program Files/Go/src/text/template/exec.go:201
todo_app/app/controllers.top({0x7ff6c1a8ab50?, 0xc0000648c0?}, 0x0?)
	C:/Users/user/go/src/todo_app/app/controllers/route_main.go:10 +0x89
net/http.HandlerFunc.ServeHTTP(0x22ef3fea6b8?, {0x7ff6c1a8ab50?, 0xc0000648c0?}, 0x7ff6c154e825?)
	C:/Program Files/Go/src/net/http/server.go:2084 +0x2f
net/http.(*ServeMux).ServeHTTP(0x0?, {0x7ff6c1a8ab50, 0xc0000648c0}, 0xc00005ea00)
	C:/Program Files/Go/src/net/http/server.go:2462 +0x149
net/http.serverHandler.ServeHTTP({0xc000020b70?}, {0x7ff6c1a8ab50, 0xc0000648c0}, 0xc00005ea00)
	C:/Program Files/Go/src/net/http/server.go:2916 +0x43b
net/http.(*conn).serve(0xc0000560a0, {0x7ff6c1a8ad58, 0xc0000c33b0})
	C:/Program Files/Go/src/net/http/server.go:1966 +0x5d7
created by net/http.(*Server).Serve
	C:/Program Files/Go/src/net/http/server.go:3071 +0x4db
2022/08/13 16:24:06 users.go:107: table sessions has no column named cewated_at
2022/08/13 16:24:06 main.go:20: near "swlect": syntax error
2022/08/13 16:25:48 main.go:20: near "swlect": syntax error
2022/08/13 16:31:05 main.go:20: near "swlect": syntax error
2022/08/13 16:33:02 main.go:20: no such column: rser_id
2022/08/17 23:11:24 route_main.go:25: no such column: crreated_at
2022/08/17 23:11:25 route_main.go:25: no such column: crreated_at
2022/08/17 23:11:29 route_main.go:25: no such column: crreated_at
2022/08/18 07:59:20 route_main.go:25: no such column: crreated_at
2022/08/18 07:59:20 route_main.go:25: no such column: crreated_at
2022/08/18 07:59:23 route_main.go:25: no such column: crreated_at
2022/08/18 07:59:34 route_main.go:54: no such column: crreated_at
2022/08/18 07:59:34 route_main.go:25: no such column: crreated_at
2022/08/18 07:59:34 route_main.go:25: no such column: crreated_at
2022/08/18 07:59:40 route_main.go:25: no such column: crreated_at
2022/08/18 07:59:56 route_main.go:54: no such column: crreated_at
2022/08/18 07:59:56 route_main.go:25: no such column: crreated_at
2022/08/18 07:59:57 route_main.go:25: no such column: crreated_at
2022/08/18 07:59:59 route_main.go:111: no such column: crreated_at
2022/08/18 07:59:59 route_main.go:25: no such column: crreated_at
2022/08/18 08:00:00 route_main.go:25: no such column: crreated_at
2022/08/18 08:00:01 route_main.go:111: no such column: crreated_at
2022/08/18 08:00:01 route_main.go:25: no such column: crreated_at
2022/08/18 08:00:01 route_main.go:25: no such column: crreated_at
2022/08/18 08:00:59 route_auth.go:104: http: named cookie not present
2022/08/18 08:00:59 route_main.go:25: no such column: crreated_at
2022/08/18 08:00:59 route_main.go:25: no such column: crreated_at
2022/08/18 08:01:03 route_auth.go:104: http: named cookie not present
2022/08/18 08:01:03 route_main.go:25: no such column: crreated_at
2022/08/18 08:01:03 route_main.go:25: no such column: crreated_at
2022/08/18 08:01:12 route_main.go:25: no such column: crreated_at
2022/08/18 08:01:12 route_main.go:25: no such column: crreated_at
2022/08/18 08:01:17 route_main.go:25: no such column: crreated_at
2022/08/18 08:01:18 route_auth.go:104: http: named cookie not present
2022/08/18 08:01:18 route_main.go:25: no such column: crreated_at
2022/08/18 08:01:18 route_main.go:25: no such column: crreated_at
2022/08/18 08:01:19 route_auth.go:104: http: named cookie not present
2022/08/18 08:01:19 route_main.go:25: no such column: crreated_at
2022/08/18 08:01:20 route_main.go:25: no such column: crreated_at
2022/08/18 08:01:20 route_auth.go:104: http: named cookie not present
2022/08/18 08:01:20 route_main.go:25: no such column: crreated_at
2022/08/18 08:01:20 route_main.go:25: no such column: crreated_at
2022/08/18 08:01:32 route_main.go:25: no such column: crreated_at
2022/08/18 08:01:48 route_main.go:25: no such column: crreated_at
2022/08/18 08:01:48 route_main.go:25: no such column: crreated_at
2022/08/18 08:01:51 route_auth.go:104: http: named cookie not present
2022/08/18 08:01:51 route_main.go:25: no such column: crreated_at
2022/08/18 08:01:51 route_main.go:25: no such column: crreated_at
2022/08/18 08:01:52 route_auth.go:104: http: named cookie not present
2022/08/18 08:01:52 route_main.go:25: no such column: crreated_at
2022/08/18 08:01:52 route_main.go:25: no such column: crreated_at
2022/08/18 08:01:52 route_auth.go:104: http: named cookie not present
2022/08/18 08:01:52 route_main.go:25: no such column: crreated_at
2022/08/18 08:01:52 route_main.go:25: no such column: crreated_at
2022/08/18 08:01:53 route_auth.go:104: http: named cookie not present
2022/08/18 08:01:53 route_main.go:25: no such column: crreated_at
2022/08/18 08:01:53 route_main.go:25: no such column: crreated_at
2022/08/18 08:01:53 route_auth.go:104: http: named cookie not present
2022/08/18 08:01:53 route_main.go:25: no such column: crreated_at
2022/08/18 08:01:53 route_main.go:25: no such column: crreated_at
2022/08/18 08:02:05 route_main.go:25: no such column: crreated_at
2022/08/18 08:02:06 route_main.go:25: no such column: crreated_at
2022/08/18 08:02:13 route_auth.go:104: http: named cookie not present
2022/08/18 08:02:13 route_main.go:25: no such column: crreated_at
2022/08/18 08:02:13 route_main.go:25: no such column: crreated_at
2022/08/18 08:02:19 route_main.go:25: no such column: crreated_at
2022/08/18 08:02:27 route_main.go:54: no such column: crreated_at
2022/08/18 08:02:27 route_main.go:25: no such column: crreated_at
2022/08/18 08:02:27 route_main.go:25: no such column: crreated_at
2022/08/18 08:02:30 route_main.go:72: no such column: crreated_at
2022/08/18 08:02:30 route_main.go:25: no such column: crreated_at
2022/08/18 08:02:32 route_main.go:93: no such column: crreated_at
2022/08/18 08:02:32 route_main.go:25: no such column: crreated_at
2022/08/18 08:02:32 route_main.go:25: no such column: crreated_at
2022/08/18 08:02:53 route_main.go:25: no such column: crreated_at
2022/08/18 08:02:54 route_main.go:25: no such column: crreated_at
2022/08/18 08:02:57 route_auth.go:104: http: named cookie not present
2022/08/18 08:02:57 route_main.go:25: no such column: crreated_at
2022/08/18 08:02:57 route_main.go:25: no such column: crreated_at
2022/08/18 08:19:24 route_main.go:25: no such column: crreated_at
2022/08/18 08:19:24 route_main.go:25: no such column: crreated_at
2022/08/18 12:01:16 route_main.go:25: no such column: crreated_at
2022/08/18 12:01:17 route_main.go:25: no such column: crreated_at
2022/08/18 12:01:41 route_main.go:25: no such column: crreated_at
2022/08/18 12:01:41 route_main.go:25: no such column: crreated_at
2022/08/18 12:42:56 route_main.go:25: no such column: crreated_at
2022/08/18 12:42:57 route_main.go:25: no such column: crreated_at
2022/08/18 15:22:20 route_main.go:26: no such column: crreated_at
2022/08/18 15:22:20 route_main.go:26: no such column: crreated_at
2022/08/18 15:22:24 route_main.go:121: no such column: crreated_at
2022/08/18 15:22:24 route_main.go:26: no such column: crreated_at
2022/08/18 15:22:24 route_main.go:26: no such column: crreated_at
2022/08/18 15:23:20 route_main.go:26: no such column: crreated_at
2022/08/18 15:23:21 route_main.go:26: no such column: crreated_at
2022/08/18 15:23:26 route_main.go:26: no such column: crreated_at
2022/08/18 15:23:30 route_main.go:55: no such column: crreated_at
2022/08/18 15:23:31 route_main.go:26: no such column: crreated_at
2022/08/18 15:23:31 route_main.go:26: no such column: crreated_at
2022/08/18 15:23:33 route_main.go:26: no such column: crreated_at
2022/08/18 15:23:37 route_main.go:55: no such column: crreated_at
2022/08/18 15:23:37 route_main.go:26: no such column: crreated_at
2022/08/18 15:23:37 route_main.go:26: no such column: crreated_at
2022/08/18 15:23:38 route_main.go:77: no such column: crreated_at
2022/08/18 15:23:39 route_main.go:26: no such column: crreated_at
2022/08/18 15:23:45 route_main.go:99: no such column: crreated_at
2022/08/18 15:23:45 route_main.go:26: no such column: crreated_at
2022/08/18 15:23:45 route_main.go:26: no such column: crreated_at
2022/08/18 15:23:47 route_main.go:77: no such column: crreated_at
2022/08/18 15:23:48 route_main.go:26: no such column: crreated_at
2022/08/18 15:23:57 route_main.go:99: no such column: crreated_at
2022/08/18 15:23:57 route_main.go:26: no such column: crreated_at
2022/08/18 15:23:57 route_main.go:26: no such column: crreated_at
2022/08/18 15:24:15 route_main.go:26: no such column: crreated_at
2022/08/18 15:24:15 route_main.go:26: no such column: crreated_at
2022/08/18 15:24:33 route_main.go:26: no such column: crreated_at
2022/08/18 15:24:35 route_main.go:26: no such column: crreated_at
2022/08/18 15:24:35 route_main.go:26: no such column: crreated_at
2022/08/18 15:27:38 route_main.go:26: no such column: crreated_at
2022/08/18 15:27:38 route_main.go:26: no such column: crreated_at
2022/08/18 15:28:39 route_main.go:26: no such column: crreated_at
2022/08/18 15:28:40 route_main.go:26: no such column: crreated_at
2022/08/18 15:28:49 route_main.go:121: no such column: crreated_at
2022/08/18 15:28:49 route_main.go:26: no such column: crreated_at
2022/08/18 15:28:49 route_main.go:26: no such column: crreated_at
2022/08/18 15:28:50 route_main.go:121: no such column: crreated_at
2022/08/18 15:28:50 route_main.go:26: no such column: crreated_at
2022/08/18 15:28:50 route_main.go:26: no such column: crreated_at
2022/08/18 15:32:00 route_main.go:26: no such column: crreated_at
2022/08/18 15:32:00 route_main.go:26: no such column: crreated_at
2022/08/18 15:32:05 route_main.go:26: no such column: crreated_at
2022/08/18 15:32:14 route_main.go:55: no such column: crreated_at
2022/08/18 15:32:14 route_main.go:26: no such column: crreated_at
2022/08/18 15:32:14 route_main.go:26: no such column: crreated_at
2022/08/18 15:32:19 route_main.go:26: no such column: crreated_at
2022/08/18 15:32:27 route_main.go:55: no such column: crreated_at
2022/08/18 15:32:27 route_main.go:26: no such column: crreated_at
2022/08/18 15:32:27 route_main.go:26: no such column: crreated_at
2022/08/18 15:35:43 route_main.go:121: no such column: crreated_at
2022/08/18 15:35:43 route_main.go:26: no such column: crreated_at
2022/08/18 15:35:43 route_main.go:26: no such column: crreated_at
2022/08/18 15:35:44 route_main.go:121: no such column: crreated_at
2022/08/18 15:35:44 route_main.go:26: no such column: crreated_at
2022/08/18 15:35:44 route_main.go:26: no such column: crreated_at
2022/08/18 15:35:57 route_main.go:26: no such column: crreated_at
2022/08/18 15:35:57 route_main.go:26: no such column: crreated_at
2022/08/18 15:36:01 route_main.go:26: no such column: crreated_at
2022/08/18 15:36:14 route_main.go:55: no such column: crreated_at
2022/08/18 15:36:14 route_main.go:26: no such column: crreated_at
2022/08/18 15:36:14 route_main.go:26: no such column: crreated_at
2022/08/18 15:36:17 route_main.go:26: no such column: crreated_at
2022/08/18 15:36:27 route_main.go:55: no such column: crreated_at
2022/08/18 15:36:27 route_main.go:26: no such column: crreated_at
2022/08/18 15:36:27 route_main.go:26: no such column: crreated_at
